DailySelfie2/app/build/outputs/logs/manifest-merger-debug-report.txt
-- Merging decision tree log ---
manifest
ADDED from AndroidManifest.xml:2:1
	xmlns:android
		ADDED from AndroidManifest.xml:2:11
	package
		ADDED from AndroidManifest.xml:3:5
		INJECTED from AndroidManifest.xml:0:0
		INJECTED from AndroidManifest.xml:0:0
	android:versionName
		INJECTED from AndroidManifest.xml:0:0
		INJECTED from AndroidManifest.xml:0:0
	android:versionCode
		INJECTED from AndroidManifest.xml:0:0
		INJECTED from AndroidManifest.xml:0:0
application
ADDED from AndroidManifest.xml:5:5
MERGED from com.android.support:appcompat-v7:22.0.0:22:5
MERGED from com.android.support:support-v4:22.0.0:22:5
	android:label
		ADDED from AndroidManifest.xml:8:9
	android:allowBackup
		ADDED from AndroidManifest.xml:6:9
	android:icon
		ADDED from AndroidManifest.xml:7:9
	android:theme
		ADDED from AndroidManifest.xml:9:9
uses-feature#android.hardware.camera
ADDED from AndroidManifest.xml:11:9
	android:required
		ADDED from AndroidManifest.xml:13:13
	android:name
		ADDED from AndroidManifest.xml:12:13
activity#com.example.egbomol.dailyselfie.MainActivity
ADDED from AndroidManifest.xml:15:9
	android:label
		ADDED from AndroidManifest.xml:17:13
	android:name
		ADDED from AndroidManifest.xml:16:13
intent-filter#android.intent.action.MAIN+android.intent.category.LAUNCHER
ADDED from AndroidManifest.xml:18:13
action#android.intent.action.MAIN
ADDED from AndroidManifest.xml:19:17
	android:name
		ADDED from AndroidManifest.xml:19:25
category#android.intent.category.LAUNCHER
ADDED from AndroidManifest.xml:21:17
	android:name
		ADDED from AndroidManifest.xml:21:27
activity#com.example.egbomol.dailyselfie.ImageViewActivity
ADDED from AndroidManifest.xml:25:9
	android:label
		ADDED from AndroidManifest.xml:27:13
	android:name
		ADDED from AndroidManifest.xml:26:13
receiver#com.example.egbomol.dailyselfie.AlarmNotificationReceiver
ADDED from AndroidManifest.xml:30:9
	android:name
		ADDED from AndroidManifest.xml:30:19
uses-permission#android.permission.WRITE_EXTERNAL_STORAGE
ADDED from AndroidManifest.xml:35:5
	android:name
		ADDED from AndroidManifest.xml:35:22
uses-sdk
INJECTED from AndroidManifest.xml:0:0 reason: use-sdk injection requested
MERGED from com.android.support:appcompat-v7:22.0.0:20:5
MERGED from com.android.support:support-v4:22.0.0:20:5
	android:targetSdkVersion
		INJECTED from AndroidManifest.xml:0:0
		INJECTED from AndroidManifest.xml:0:0
	android:minSdkVersion
		INJECTED from AndroidManifest.xml:0:0
		INJECTED from AndroidManifest.xml:0:0